<?xml version="1.0" encoding="UTF-8"?>
<!-- Generated by org.testng.reporters.JUnitXMLReporter -->
<testsuite hostname="LAPTOP-G8T2QIRH" ignored="0" name="Test" tests="12" failures="0" timestamp="2022-10-01T22:50:01 IST" time="148.634" errors="0">
  <testcase name="login" time="13.39" classname="fl.crm.testcases.LoginTest"/>
  <testcase name="verifyTitle" time="0.062" classname="fl.crm.testcases.LoginTest"/>
  <testcase name="validateCalanderMenuLinkIsDisplayed" time="1.358" classname="fl.crm.testcases.HomeTest"/>
  <testcase name="validateCompaniesMenuLinkIsDisplayed" time="0.044" classname="fl.crm.testcases.HomeTest"/>
  <testcase name="validateContactsMenuLinkIsDisplayed" time="0.058" classname="fl.crm.testcases.HomeTest"/>
  <testcase name="validateDealsMenuLinkIsDisplayed" time="0.051" classname="fl.crm.testcases.HomeTest"/>
  <testcase name="validateHomeMenuLinkIsDisplayed" time="0.063" classname="fl.crm.testcases.HomeTest"/>
  <testcase name="verifyHomePageTitle" time="0.014" classname="fl.crm.testcases.HomeTest"/>
  <testcase name="createANewContactAndValidateItIsCreated" time="14.076" classname="fl.crm.testcases.ContactsTest"/>
  <testcase name="createANewContactAndValidateItIsCreated" time="13.23" classname="fl.crm.testcases.ContactsTest"/>
  <testcase name="createANewContactAndValidateItIsCreated" time="13.421" classname="fl.crm.testcases.ContactsTest"/>
  <testcase name="createANewContactAndValidateItIsCreated" time="13.808" classname="fl.crm.testcases.ContactsTest"/>
</testsuite> <!-- Test -->
